<?xml version="1.0" encoding="UTF-8"?>
<coverage generated="1568972608">
  <project timestamp="1568972608">
    <package name="Raver\Config">
      <file name="C:\Users\skfefeti\Projects\libs\raver\src\Config\Config.php">
        <class name="Raver\Config\Config" namespace="Raver\Config">
          <metrics complexity="2" methods="2" coveredmethods="2" conditionals="0" coveredconditionals="0" statements="6" coveredstatements="6" elements="8" coveredelements="8"/>
        </class>
        <line num="21" type="method" name="__construct" visibility="public" complexity="1" crap="1" count="1"/>
        <line num="23" type="stmt" count="1"/>
        <line num="24" type="stmt" count="1"/>
        <line num="25" type="stmt" count="1"/>
        <line num="32" type="method" name="getEnvVars" visibility="public" complexity="1" crap="1" count="1"/>
        <line num="36" type="stmt" count="1"/>
        <line num="38" type="stmt" count="1"/>
        <line num="40" type="stmt" count="1"/>
        <metrics loc="44" ncloc="30" classes="1" methods="2" coveredmethods="2" conditionals="0" coveredconditionals="0" statements="6" coveredstatements="6" elements="8" coveredelements="8"/>
      </file>
    </package>
    <package name="Raver">
      <file name="C:\Users\skfefeti\Projects\libs\raver\src\Executor.php">
        <class name="Raver\Executor" namespace="Raver">
          <metrics complexity="8" methods="4" coveredmethods="0" conditionals="0" coveredconditionals="0" statements="34" coveredstatements="0" elements="38" coveredelements="0"/>
        </class>
        <line num="28" type="method" name="__construct" visibility="public" complexity="2" crap="6.00" count="0"/>
        <line num="29" type="stmt" count="0"/>
        <line num="30" type="stmt" count="0"/>
        <line num="31" type="stmt" count="0"/>
        <line num="32" type="stmt" count="0"/>
        <line num="33" type="stmt" count="0"/>
        <line num="35" type="method" name="postCharge" visibility="private" complexity="2" crap="6.00" count="0"/>
        <line num="36" type="stmt" count="0"/>
        <line num="37" type="stmt" count="0"/>
        <line num="38" type="stmt" count="0"/>
        <line num="40" type="stmt" count="0"/>
        <line num="41" type="stmt" count="0"/>
        <line num="42" type="stmt" count="0"/>
        <line num="43" type="stmt" count="0"/>
        <line num="44" type="stmt" count="0"/>
        <line num="45" type="stmt" count="0"/>
        <line num="54" type="method" name="validateCharge" visibility="private" complexity="2" crap="6.00" count="0"/>
        <line num="55" type="stmt" count="0"/>
        <line num="56" type="stmt" count="0"/>
        <line num="57" type="stmt" count="0"/>
        <line num="58" type="stmt" count="0"/>
        <line num="60" type="stmt" count="0"/>
        <line num="61" type="stmt" count="0"/>
        <line num="62" type="stmt" count="0"/>
        <line num="63" type="stmt" count="0"/>
        <line num="64" type="stmt" count="0"/>
        <line num="65" type="stmt" count="0"/>
        <line num="73" type="method" name="verifyCharge" visibility="private" complexity="2" crap="6.00" count="0"/>
        <line num="74" type="stmt" count="0"/>
        <line num="75" type="stmt" count="0"/>
        <line num="76" type="stmt" count="0"/>
        <line num="77" type="stmt" count="0"/>
        <line num="79" type="stmt" count="0"/>
        <line num="80" type="stmt" count="0"/>
        <line num="81" type="stmt" count="0"/>
        <line num="82" type="stmt" count="0"/>
        <line num="83" type="stmt" count="0"/>
        <line num="84" type="stmt" count="0"/>
        <metrics loc="85" ncloc="63" classes="1" methods="4" coveredmethods="0" conditionals="0" coveredconditionals="0" statements="34" coveredstatements="0" elements="38" coveredelements="0"/>
      </file>
      <file name="C:\Users\skfefeti\Projects\libs\raver\src\Raver.php">
        <class name="Raver\Raver" namespace="Raver">
          <metrics complexity="23" methods="6" coveredmethods="0" conditionals="0" coveredconditionals="0" statements="61" coveredstatements="0" elements="67" coveredelements="0"/>
        </class>
        <line num="13" type="method" name="__construct" visibility="public" complexity="1" crap="2.00" count="0"/>
        <line num="14" type="stmt" count="0"/>
        <line num="15" type="stmt" count="0"/>
        <line num="16" type="stmt" count="0"/>
        <line num="17" type="stmt" count="0"/>
        <line num="25" type="method" name="prepareData" visibility="public" complexity="2" crap="6.00" count="0"/>
        <line num="26" type="stmt" count="0"/>
        <line num="28" type="stmt" count="0"/>
        <line num="31" type="stmt" count="0"/>
        <line num="34" type="stmt" count="0"/>
        <line num="35" type="stmt" count="0"/>
        <line num="36" type="stmt" count="0"/>
        <line num="37" type="stmt" count="0"/>
        <line num="40" type="stmt" count="0"/>
        <line num="41" type="stmt" count="0"/>
        <line num="49" type="method" name="initiateCardPayment" visibility="public" complexity="1" crap="2.00" count="0"/>
        <line num="50" type="stmt" count="0"/>
        <line num="51" type="stmt" count="0"/>
        <line num="53" type="stmt" count="0"/>
        <line num="56" type="stmt" count="0"/>
        <line num="59" type="stmt" count="0"/>
        <line num="61" type="stmt" count="0"/>
        <line num="63" type="stmt" count="0"/>
        <line num="72" type="method" name="getCardStep" visibility="public" complexity="17" crap="306.00" count="0"/>
        <line num="73" type="stmt" count="0"/>
        <line num="74" type="stmt" count="0"/>
        <line num="76" type="stmt" count="0"/>
        <line num="77" type="stmt" count="0"/>
        <line num="78" type="stmt" count="0"/>
        <line num="80" type="stmt" count="0"/>
        <line num="81" type="stmt" count="0"/>
        <line num="82" type="stmt" count="0"/>
        <line num="83" type="stmt" count="0"/>
        <line num="84" type="stmt" count="0"/>
        <line num="85" type="stmt" count="0"/>
        <line num="86" type="stmt" count="0"/>
        <line num="88" type="stmt" count="0"/>
        <line num="90" type="stmt" count="0"/>
        <line num="91" type="stmt" count="0"/>
        <line num="92" type="stmt" count="0"/>
        <line num="93" type="stmt" count="0"/>
        <line num="95" type="stmt" count="0"/>
        <line num="96" type="stmt" count="0"/>
        <line num="97" type="stmt" count="0"/>
        <line num="98" type="stmt" count="0"/>
        <line num="100" type="stmt" count="0"/>
        <line num="101" type="stmt" count="0"/>
        <line num="102" type="stmt" count="0"/>
        <line num="103" type="stmt" count="0"/>
        <line num="104" type="stmt" count="0"/>
        <line num="105" type="stmt" count="0"/>
        <line num="106" type="stmt" count="0"/>
        <line num="107" type="stmt" count="0"/>
        <line num="108" type="stmt" count="0"/>
        <line num="109" type="stmt" count="0"/>
        <line num="110" type="stmt" count="0"/>
        <line num="111" type="stmt" count="0"/>
        <line num="112" type="stmt" count="0"/>
        <line num="120" type="method" name="encryptData" visibility="public" complexity="1" crap="2.00" count="0"/>
        <line num="121" type="stmt" count="0"/>
        <line num="123" type="stmt" count="0"/>
        <line num="125" type="stmt" count="0"/>
        <line num="126" type="stmt" count="0"/>
        <line num="128" type="method" name="testApi" visibility="public" complexity="1" crap="2.00" count="0"/>
        <line num="129" type="stmt" count="0"/>
        <line num="130" type="stmt" count="0"/>
        <line num="131" type="stmt" count="0"/>
        <metrics loc="134" ncloc="83" classes="1" methods="6" coveredmethods="0" conditionals="0" coveredconditionals="0" statements="61" coveredstatements="0" elements="67" coveredelements="0"/>
      </file>
    </package>
    <package name="Raver\Helpers">
      <file name="C:\Users\skfefeti\Projects\libs\raver\src\Helpers\Helper.php">
        <class name="Raver\Helpers\Helper" namespace="Raver\Helpers">
          <metrics complexity="13" methods="6" coveredmethods="0" conditionals="0" coveredconditionals="0" statements="44" coveredstatements="0" elements="50" coveredelements="0"/>
        </class>
        <line num="23" type="method" name="__construct" visibility="public" complexity="1" crap="2.00" count="0"/>
        <line num="24" type="stmt" count="0"/>
        <line num="25" type="stmt" count="0"/>
        <line num="26" type="stmt" count="0"/>
        <line num="27" type="stmt" count="0"/>
        <line num="34" type="method" name="getKey" visibility="public" complexity="1" crap="2.00" count="0"/>
        <line num="35" type="stmt" count="0"/>
        <line num="36" type="stmt" count="0"/>
        <line num="37" type="stmt" count="0"/>
        <line num="39" type="stmt" count="0"/>
        <line num="40" type="stmt" count="0"/>
        <line num="42" type="stmt" count="0"/>
        <line num="44" type="stmt" count="0"/>
        <line num="45" type="stmt" count="0"/>
        <line num="55" type="method" name="encrypt3DES" visibility="public" complexity="1" crap="2.00" count="0"/>
        <line num="56" type="stmt" count="0"/>
        <line num="57" type="stmt" count="0"/>
        <line num="59" type="stmt" count="0"/>
        <line num="60" type="stmt" count="0"/>
        <line num="67" type="method" name="processWebHook" visibility="public" complexity="2" crap="6.00" count="0"/>
        <line num="68" type="stmt" count="0"/>
        <line num="69" type="stmt" count="0"/>
        <line num="71" type="stmt" count="0"/>
        <line num="72" type="stmt" count="0"/>
        <line num="81" type="method" name="verifySignatureHash" visibility="public" complexity="4" crap="20.00" count="0"/>
        <line num="82" type="stmt" count="0"/>
        <line num="83" type="stmt" count="0"/>
        <line num="85" type="stmt" count="0"/>
        <line num="86" type="stmt" count="0"/>
        <line num="87" type="stmt" count="0"/>
        <line num="89" type="stmt" count="0"/>
        <line num="90" type="stmt" count="0"/>
        <line num="91" type="stmt" count="0"/>
        <line num="93" type="stmt" count="0"/>
        <line num="95" type="stmt" count="0"/>
        <line num="96" type="stmt" count="0"/>
        <line num="106" type="method" name="generateSignature" visibility="public" complexity="4" crap="20.00" count="0"/>
        <line num="107" type="stmt" count="0"/>
        <line num="108" type="stmt" count="0"/>
        <line num="110" type="stmt" count="0"/>
        <line num="111" type="stmt" count="0"/>
        <line num="112" type="stmt" count="0"/>
        <line num="114" type="stmt" count="0"/>
        <line num="116" type="stmt" count="0"/>
        <line num="118" type="stmt" count="0"/>
        <line num="119" type="stmt" count="0"/>
        <line num="121" type="stmt" count="0"/>
        <line num="123" type="stmt" count="0"/>
        <line num="125" type="stmt" count="0"/>
        <line num="126" type="stmt" count="0"/>
        <metrics loc="127" ncloc="75" classes="1" methods="6" coveredmethods="0" conditionals="0" coveredconditionals="0" statements="44" coveredstatements="0" elements="50" coveredelements="0"/>
      </file>
    </package>
    <metrics files="4" loc="390" ncloc="251" classes="4" methods="18" coveredmethods="2" conditionals="0" coveredconditionals="0" statements="145" coveredstatements="6" elements="163" coveredelements="8"/>
  </project>
</coverage>
