<?xml version="1.0" encoding="UTF-8"?>
<testsuites>
  <testsuite name="Raver Testsuite" tests="2" assertions="2" errors="0" failures="0" skipped="0" time="0.115606">
    <testsuite name="Tests\RaverTest" file="C:\Users\skfefeti\Projects\libs\raver\tests\RaverTest.php" tests="2" assertions="2" errors="0" failures="0" skipped="0" time="0.115606">
      <testcase name="testTruthy" class="Tests\RaverTest" classname="Tests.RaverTest" file="C:\Users\skfefeti\Projects\libs\raver\tests\RaverTest.php" line="11" assertions="1" time="0.017483"/>
      <testcase name="testPrepareData" class="Tests\RaverTest" classname="Tests.RaverTest" file="C:\Users\skfefeti\Projects\libs\raver\tests\RaverTest.php" line="16" assertions="1" time="0.098123"/>
    </testsuite>
  </testsuite>
</testsuites>
